Using pre-set license
Built from '2020.2/staging' branch; Version is '2020.2.3f1 (8ff31bc5bf5b) revision 9433883'; Using compiler version '192528614'; Build Type 'Release'
OS: 'Windows 10 Pro; OS build 19042.804; Version 2009; 64bit' Language: 'en' Physical Memory: 32692 MB
BatchMode: 1, IsHumanControllingUs: 0, StartBugReporterOnCrash: 0, Is64bit: 1, IsPro: 0

 COMMAND LINE ARGUMENTS:
C:\Program Files\Unity\Hub\Editor\2020.2.3f1\Editor\Unity.exe
-adb2
-batchMode
-noUpm
-name
AssetImportWorker0
-projectPath
D:/College/Games Engines 2/Assignment/GamesEngines2Assignent
-logFile
Logs/AssetImportWorker0.log
-srvPort
65291
Successfully changed project path to: D:/College/Games Engines 2/Assignment/GamesEngines2Assignent
D:/College/Games Engines 2/Assignment/GamesEngines2Assignent
Using Asset Import Pipeline V2.
Refreshing native plugins compatible for Editor in 19.05 ms, found 0 plugins.
Preloading 0 native plugins for Editor in 0.00 ms.
Initialize engine version: 2020.2.3f1 (8ff31bc5bf5b)
[Subsystems] Discovering subsystems at path C:/Program Files/Unity/Hub/Editor/2020.2.3f1/Editor/Data/Resources/UnitySubsystems
[Subsystems] Discovering subsystems at path D:/College/Games Engines 2/Assignment/GamesEngines2Assignent/Assets
GfxDevice: creating device client; threaded=0
Direct3D:
    Version:  Direct3D 11.0 [level 11.1]
    Renderer: NVIDIA GeForce RTX 2060 SUPER (ID=0x1f06)
    Vendor:   
    VRAM:     8031 MB
    Driver:   27.21.14.6109
Initialize mono
Mono path[0] = 'C:/Program Files/Unity/Hub/Editor/2020.2.3f1/Editor/Data/Managed'
Mono path[1] = 'C:/Program Files/Unity/Hub/Editor/2020.2.3f1/Editor/Data/MonoBleedingEdge/lib/mono/unityjit'
Mono config path = 'C:/Program Files/Unity/Hub/Editor/2020.2.3f1/Editor/Data/MonoBleedingEdge/etc'
Using monoOptions --debugger-agent=transport=dt_socket,embedding=1,server=y,suspend=n,address=127.0.0.1:56880
Begin MonoManager ReloadAssembly
Registering precompiled unity dll's ...
Register platform support module: C:/Program Files/Unity/Hub/Editor/2020.2.3f1/Editor/Data/PlaybackEngines/WindowsStandaloneSupport/UnityEditor.WindowsStandalone.Extensions.dll
Registered in 0.001763 seconds.
Native extension for WindowsStandalone target not found
Refreshing native plugins compatible for Editor in 19.52 ms, found 0 plugins.
Preloading 0 native plugins for Editor in 0.00 ms.
Invoked RoslynAnalysisRunner static constructor.
RoslynAnalysisRunner will not be running.
RoslynAnalysisRunner has terminated.
Mono: successfully reloaded assembly
- Completed reload, in  0.794 seconds
Platform modules already initialized, skipping
Registering precompiled user dll's ...
Registered in 0.000477 seconds.
Begin MonoManager ReloadAssembly
Native extension for WindowsStandalone target not found
Refreshing native plugins compatible for Editor in 0.20 ms, found 0 plugins.
Preloading 0 native plugins for Editor in 0.00 ms.
Invoked RoslynAnalysisRunner static constructor.
RoslynAnalysisRunner will not be running.
RoslynAnalysisRunner has terminated.
Mono: successfully reloaded assembly
- Completed reload, in  0.609 seconds
Platform modules already initialized, skipping
========================================================================
Worker process is ready to serve import requests
Launched and connected shader compiler UnityShaderCompiler.exe after 0.04 seconds
Refreshing native plugins compatible for Editor in 0.20 ms, found 0 plugins.
Preloading 0 native plugins for Editor in 0.00 ms.
Unloading 1104 Unused Serialized files (Serialized files now loaded: 0)
System memory in use before: 56.8 MB.
System memory in use after: 56.9 MB.

Unloading 10 unused Assets to reduce memory usage. Loaded Objects now: 1546.
Total: 1.422300 ms (FindLiveObjects: 0.136400 ms CreateObjectMapping: 0.032500 ms MarkObjects: 1.197000 ms  DeleteObjects: 0.055800 ms)

========================================================================
Received Import Request.
  path: Assets/Ships/3d-model.fbx
  artifactKey: Guid(c8866963dc83bc04aa1fb4536ce8711f) Importer(815301076,1909f56bfc062723c751e8b465ee728b)
Start importing Assets/Ships/3d-model.fbx using Guid(c8866963dc83bc04aa1fb4536ce8711f) Importer(815301076,1909f56bfc062723c751e8b465ee728b)  -> (artifact id: '93e856d7952a6f8b436f409fa75eddb9') in 0.308090 seconds
  Import took 0.309992 seconds .

========================================================================
Received Prepare
Registering precompiled user dll's ...
Registered in 0.000466 seconds.
Begin MonoManager ReloadAssembly
Native extension for WindowsStandalone target not found
Refreshing native plugins compatible for Editor in 0.21 ms, found 0 plugins.
Preloading 0 native plugins for Editor in 0.00 ms.
Invoked RoslynAnalysisRunner static constructor.
RoslynAnalysisRunner will not be running.
RoslynAnalysisRunner has terminated.
Mono: successfully reloaded assembly
- Completed reload, in  0.562 seconds
Platform modules already initialized, skipping
Refreshing native plugins compatible for Editor in 0.21 ms, found 0 plugins.
Preloading 0 native plugins for Editor in 0.00 ms.
Unloading 1099 Unused Serialized files (Serialized files now loaded: 0)
System memory in use before: 60.3 MB.
System memory in use after: 60.4 MB.

Unloading 5 unused Assets to reduce memory usage. Loaded Objects now: 1591.
Total: 1.479800 ms (FindLiveObjects: 0.147400 ms CreateObjectMapping: 0.027300 ms MarkObjects: 1.258300 ms  DeleteObjects: 0.046000 ms)

========================================================================
Received Import Request.
  Time since last request: 124.985638 seconds.
  path: Assets/Ships/3d-model.obj
  artifactKey: Guid(29bc3303a2e02954c8aa2d24d71648e0) Importer(815301076,1909f56bfc062723c751e8b465ee728b)
Start importing Assets/Ships/3d-model.obj using Guid(29bc3303a2e02954c8aa2d24d71648e0) Importer(815301076,1909f56bfc062723c751e8b465ee728b)  -> (artifact id: '1cdfdda43b967ce1790902f11018c3d7') in 0.071839 seconds
  Import took 0.073716 seconds .

========================================================================
Received Prepare
Registering precompiled user dll's ...
Registered in 0.000436 seconds.
Begin MonoManager ReloadAssembly
Native extension for WindowsStandalone target not found
Refreshing native plugins compatible for Editor in 0.21 ms, found 0 plugins.
Preloading 0 native plugins for Editor in 0.00 ms.
Invoked RoslynAnalysisRunner static constructor.
RoslynAnalysisRunner will not be running.
RoslynAnalysisRunner has terminated.
Mono: successfully reloaded assembly
- Completed reload, in  0.597 seconds
Platform modules already initialized, skipping
Refreshing native plugins compatible for Editor in 0.18 ms, found 0 plugins.
Preloading 0 native plugins for Editor in 0.00 ms.
Unloading 1099 Unused Serialized files (Serialized files now loaded: 0)
System memory in use before: 60.3 MB.
System memory in use after: 60.4 MB.

Unloading 5 unused Assets to reduce memory usage. Loaded Objects now: 1594.
Total: 1.423600 ms (FindLiveObjects: 0.134200 ms CreateObjectMapping: 0.024600 ms MarkObjects: 1.227400 ms  DeleteObjects: 0.036700 ms)

========================================================================
Received Import Request.
  Time since last request: 680.300784 seconds.
  path: Assets/Ships/Materials
  artifactKey: Guid(6e624deeab207df46a7bfde0e2e99de4) Importer(815301076,1909f56bfc062723c751e8b465ee728b)
Start importing Assets/Ships/Materials using Guid(6e624deeab207df46a7bfde0e2e99de4) Importer(815301076,1909f56bfc062723c751e8b465ee728b)  -> (artifact id: 'd0916a1b67eec9e7b1beece82ff1f927') in 0.002965 seconds
  Import took 0.004651 seconds .

========================================================================
Received Import Request.
  Time since last request: 0.080558 seconds.
  path: Assets/Ships/Materials/TIE_IN_Diff.mat
  artifactKey: Guid(f7df49c62be682a44b7b13beaded20ba) Importer(815301076,1909f56bfc062723c751e8b465ee728b)
Start importing Assets/Ships/Materials/TIE_IN_Diff.mat using Guid(f7df49c62be682a44b7b13beaded20ba) Importer(815301076,1909f56bfc062723c751e8b465ee728b)  -> (artifact id: '3f6826020fb95a25dac5f6752e91524f') in 0.052785 seconds
  Import took 0.054496 seconds .

========================================================================
Received Import Request.
  Time since last request: 0.000200 seconds.
  path: Assets/Ships/Materials/Z-95_Diff.mat
  artifactKey: Guid(77621a5b360f9c0498244f097c324453) Importer(815301076,1909f56bfc062723c751e8b465ee728b)
Start importing Assets/Ships/Materials/Z-95_Diff.mat using Guid(77621a5b360f9c0498244f097c324453) Importer(815301076,1909f56bfc062723c751e8b465ee728b)  -> (artifact id: '53051f667451bca1cec46cf4a70d46f4') in 0.008839 seconds
  Import took 0.010537 seconds .

========================================================================
Received Prepare
Registering precompiled user dll's ...
Registered in 0.000336 seconds.
Begin MonoManager ReloadAssembly
Native extension for WindowsStandalone target not found
Refreshing native plugins compatible for Editor in 0.20 ms, found 0 plugins.
Preloading 0 native plugins for Editor in 0.00 ms.
Invoked RoslynAnalysisRunner static constructor.
RoslynAnalysisRunner will not be running.
RoslynAnalysisRunner has terminated.
Mono: successfully reloaded assembly
- Completed reload, in  0.569 seconds
Platform modules already initialized, skipping
Refreshing native plugins compatible for Editor in 0.19 ms, found 0 plugins.
Preloading 0 native plugins for Editor in 0.00 ms.
Unloading 1099 Unused Serialized files (Serialized files now loaded: 0)
System memory in use before: 60.4 MB.
System memory in use after: 60.4 MB.

Unloading 5 unused Assets to reduce memory usage. Loaded Objects now: 1597.
Total: 1.315000 ms (FindLiveObjects: 0.140900 ms CreateObjectMapping: 0.022700 ms MarkObjects: 1.107200 ms  DeleteObjects: 0.043100 ms)

========================================================================
Received Prepare
Registering precompiled user dll's ...
Registered in 0.000485 seconds.
Begin MonoManager ReloadAssembly
Native extension for WindowsStandalone target not found
Refreshing native plugins compatible for Editor in 0.21 ms, found 0 plugins.
Preloading 0 native plugins for Editor in 0.00 ms.
Invoked RoslynAnalysisRunner static constructor.
RoslynAnalysisRunner will not be running.
RoslynAnalysisRunner has terminated.
Mono: successfully reloaded assembly
- Completed reload, in  0.627 seconds
Platform modules already initialized, skipping
Refreshing native plugins compatible for Editor in 0.22 ms, found 0 plugins.
Preloading 0 native plugins for Editor in 0.00 ms.
Unloading 1099 Unused Serialized files (Serialized files now loaded: 0)
System memory in use before: 60.4 MB.
System memory in use after: 60.5 MB.

Unloading 5 unused Assets to reduce memory usage. Loaded Objects now: 1599.
Total: 1.751600 ms (FindLiveObjects: 0.154000 ms CreateObjectMapping: 0.025200 ms MarkObjects: 1.521700 ms  DeleteObjects: 0.049000 ms)

========================================================================
Received Import Request.
  Time since last request: 174.090571 seconds.
  path: Assets/New Lighting Settings.lighting
  artifactKey: Guid(415e0c6a7651d1d459443438032f7d94) Importer(815301076,1909f56bfc062723c751e8b465ee728b)
Start importing Assets/New Lighting Settings.lighting using Guid(415e0c6a7651d1d459443438032f7d94) Importer(815301076,1909f56bfc062723c751e8b465ee728b)  -> (artifact id: '95cf0b840890b6c18cb1d1b3f7511002') in 0.011397 seconds
  Import took 0.013155 seconds .

========================================================================
Received Prepare
Registering precompiled user dll's ...
Registered in 0.000427 seconds.
Begin MonoManager ReloadAssembly
Native extension for WindowsStandalone target not found
Refreshing native plugins compatible for Editor in 0.19 ms, found 0 plugins.
Preloading 0 native plugins for Editor in 0.00 ms.
Invoked RoslynAnalysisRunner static constructor.
RoslynAnalysisRunner will not be running.
RoslynAnalysisRunner has terminated.
Mono: successfully reloaded assembly
- Completed reload, in  0.557 seconds
Platform modules already initialized, skipping
Refreshing native plugins compatible for Editor in 0.19 ms, found 0 plugins.
Preloading 0 native plugins for Editor in 0.00 ms.
Unloading 1099 Unused Serialized files (Serialized files now loaded: 0)
System memory in use before: 60.4 MB.
System memory in use after: 60.5 MB.

Unloading 5 unused Assets to reduce memory usage. Loaded Objects now: 1601.
Total: 1.765300 ms (FindLiveObjects: 0.192800 ms CreateObjectMapping: 0.026700 ms MarkObjects: 1.484300 ms  DeleteObjects: 0.060200 ms)

========================================================================
Received Import Request.
  Time since last request: 38.659551 seconds.
  path: Assets/Light Grey Transparent.mat
  artifactKey: Guid(f2b4274fdd547e24fb6f563327d81942) Importer(815301076,1909f56bfc062723c751e8b465ee728b)
Start importing Assets/Light Grey Transparent.mat using Guid(f2b4274fdd547e24fb6f563327d81942) Importer(815301076,1909f56bfc062723c751e8b465ee728b)  -> (artifact id: '10b43e3eaa4a114a7d6d4784568ef705') in 0.040925 seconds
  Import took 0.042575 seconds .

========================================================================
Received Import Request.
  Time since last request: 44.740283 seconds.
  path: Assets/Ships/deathstar.fbx
  artifactKey: Guid(ffea45413fec8ba4c8575d45b9880771) Importer(815301076,1909f56bfc062723c751e8b465ee728b)
Start importing Assets/Ships/deathstar.fbx using Guid(ffea45413fec8ba4c8575d45b9880771) Importer(815301076,1909f56bfc062723c751e8b465ee728b)  -> (artifact id: '26317a7a62910e1b44a9678f801c099a') in 0.053063 seconds
  Import took 0.054933 seconds .

========================================================================
Received Import Request.
  Time since last request: 20.024032 seconds.
  path: Assets/Galaxy.mat
  artifactKey: Guid(f2b4274fdd547e24fb6f563327d81942) Importer(815301076,1909f56bfc062723c751e8b465ee728b)
Start importing Assets/Galaxy.mat using Guid(f2b4274fdd547e24fb6f563327d81942) Importer(815301076,1909f56bfc062723c751e8b465ee728b)  -> (artifact id: 'fe150d7a04105ef72b8ea06086ae331d') in 0.005783 seconds
  Import took 0.007491 seconds .

AssetImportWorkerClient::OnTransportError - code=2 error=End of file
